<?xml version="1.0" encoding="UTF-8"?>
<testsuite name="testing.shape.ShapeCollectorTestSuite" tests="4" skipped="0" failures="0" errors="0" timestamp="2020-08-31T10:19:07" hostname="DESKTOP-4CJ5UDI" time="0.007">
  <properties/>
  <testcase name="testShowFigures" classname="testing.shape.ShapeCollectorTestSuite" time="0.005"/>
  <testcase name="testRemoveFigure" classname="testing.shape.ShapeCollectorTestSuite" time="0.001"/>
  <testcase name="testAddFigure" classname="testing.shape.ShapeCollectorTestSuite" time="0.0"/>
  <testcase name="testGetFigure" classname="testing.shape.ShapeCollectorTestSuite" time="0.001"/>
  <system-out><![CDATA[Shape Collector Test Suite initiated...

Preparing for test #1:
Triangle(S : 4.0/H : 10.0)
Circle(R: 6.5)
Square(A : 4.6/B : 5.2)
.showFigures() method works perfect.
Preparing for test #2:
.removeFigure() method works perfect.
Preparing for test #3:
.addFigure() method works perfect.
Preparing for test #4:
.getFigure() method works perfect.

Shape Collector Test Suite ended. 
With total number of cases: 4
]]></system-out>
  <system-err><![CDATA[]]></system-err>
</testsuite>
